2019-01-21T15:42:16+00:00 CRITICAL syntax error, unexpected '}' in /Users/chris/Dropbox/gec01601-world-in-a-box/worldinabox-wp/wp-content/themes/worldinabox/templates/template-home.php on line 231

2019-01-21T15:43:57+00:00 CRITICAL syntax error, unexpected '}' in /Users/chris/Dropbox/gec01601-world-in-a-box/worldinabox-wp/wp-content/themes/worldinabox/templates/template-home.php on line 231

2019-01-21T15:44:35+00:00 CRITICAL syntax error, unexpected '}' in /Users/chris/Dropbox/gec01601-world-in-a-box/worldinabox-wp/wp-content/themes/worldinabox/templates/template-home.php on line 246

2019-01-21T15:44:56+00:00 CRITICAL syntax error, unexpected '}' in /Users/chris/Dropbox/gec01601-world-in-a-box/worldinabox-wp/wp-content/themes/worldinabox/templates/template-home.php on line 243

2019-01-21T15:56:40+00:00 CRITICAL Uncaught DivisionByZeroError: Modulo by zero in /Users/chris/Dropbox/gec01601-world-in-a-box/worldinabox-wp/wp-content/themes/worldinabox/templates/template-home.php:224
Stack trace:
#0 /Users/chris/Dropbox/gec01601-world-in-a-box/worldinabox-wp/wp-includes/template-loader.php(74): include()
#1 /Users/chris/Dropbox/gec01601-world-in-a-box/worldinabox-wp/wp-blog-header.php(19): require_once('/Users/chris/Dr...')
#2 /Users/chris/Dropbox/gec01601-world-in-a-box/worldinabox-wp/index.php(17): require('/Users/chris/Dr...')
#3 {main}
  thrown in /Users/chris/Dropbox/gec01601-world-in-a-box/worldinabox-wp/wp-content/themes/worldinabox/templates/template-home.php on line 224

2019-01-21T15:58:36+00:00 CRITICAL syntax error, unexpected '==' (T_IS_EQUAL) in /Users/chris/Dropbox/gec01601-world-in-a-box/worldinabox-wp/wp-content/themes/worldinabox/templates/template-home.php on line 224

2019-01-21T16:00:37+00:00 CRITICAL Uncaught DivisionByZeroError: Modulo by zero in /Users/chris/Dropbox/gec01601-world-in-a-box/worldinabox-wp/wp-content/themes/worldinabox/templates/template-home.php:224
Stack trace:
#0 /Users/chris/Dropbox/gec01601-world-in-a-box/worldinabox-wp/wp-includes/template-loader.php(74): include()
#1 /Users/chris/Dropbox/gec01601-world-in-a-box/worldinabox-wp/wp-blog-header.php(19): require_once('/Users/chris/Dr...')
#2 /Users/chris/Dropbox/gec01601-world-in-a-box/worldinabox-wp/index.php(17): require('/Users/chris/Dr...')
#3 {main}
  thrown in /Users/chris/Dropbox/gec01601-world-in-a-box/worldinabox-wp/wp-content/themes/worldinabox/templates/template-home.php on line 224

2019-01-21T16:03:23+00:00 CRITICAL Uncaught DivisionByZeroError: Modulo by zero in /Users/chris/Dropbox/gec01601-world-in-a-box/worldinabox-wp/wp-content/themes/worldinabox/templates/template-home.php:224
Stack trace:
#0 /Users/chris/Dropbox/gec01601-world-in-a-box/worldinabox-wp/wp-includes/template-loader.php(74): include()
#1 /Users/chris/Dropbox/gec01601-world-in-a-box/worldinabox-wp/wp-blog-header.php(19): require_once('/Users/chris/Dr...')
#2 /Users/chris/Dropbox/gec01601-world-in-a-box/worldinabox-wp/index.php(17): require('/Users/chris/Dr...')
#3 {main}
  thrown in /Users/chris/Dropbox/gec01601-world-in-a-box/worldinabox-wp/wp-content/themes/worldinabox/templates/template-home.php on line 224

2019-01-21T21:17:43+00:00 CRITICAL require_once(): Failed opening required 'functions/wooocommerce.php' (include_path='.:/Applications/MAMP/bin/php/php7.2.7/lib/php') in /Users/chris/Dropbox/gec01601-world-in-a-box/worldinabox-wp/wp-content/themes/worldinabox/functions.php on line 44

2019-01-21T23:17:13+00:00 CRITICAL Uncaught DivisionByZeroError: Modulo by zero in /Users/chris/Dropbox/gec01601-world-in-a-box/worldinabox-wp/wp-content/themes/worldinabox/functions/woocommerce.php:91
Stack trace:
#0 /Users/chris/Dropbox/gec01601-world-in-a-box/worldinabox-wp/wp-content/themes/worldinabox/functions/woocommerce.php(167): woo_category_lists()
#1 /Users/chris/Dropbox/gec01601-world-in-a-box/worldinabox-wp/wp-includes/class-wp-hook.php(286): woocommerce_add_closing_divs('')
#2 /Users/chris/Dropbox/gec01601-world-in-a-box/worldinabox-wp/wp-includes/class-wp-hook.php(310): WP_Hook->apply_filters(NULL, Array)
#3 /Users/chris/Dropbox/gec01601-world-in-a-box/worldinabox-wp/wp-includes/plugin.php(453): WP_Hook->do_action(Array)
#4 /Users/chris/Dropbox/gec01601-world-in-a-box/worldinabox-wp/wp-content/plugins/woocommerce/templates/archive-product.php(29): do_action('woocommerce_bef...')
#5 /Users/chris/Dropbox/gec01601-world-in-a-box/worldinabox-wp/wp-includes/template-loader.php(74): include('/Users/chris/Dr...')
#6 /Users/chris/Dropbo in /Users/chris/Dropbox/gec01601-world-in-a-box/worldinabox-wp/wp-content/themes/worldinabox/functions/woocommerce.php on line 91

